04/20/2023 16:18:00 - INFO: dict_items([('logtostderr', False), ('alsologtostderr', False), ('v', -1), ('verbosity', -1), ('logger_levels', {}), ('stderrthreshold', 'fatal'), ('showprefixforinfo', True), ('run_with_pdb', False), ('pdb_post_mortem', False), ('pdb', False), ('run_with_profiling', False), ('profile_file', None), ('use_cprofile_for_profiling', True), ('only_check_args', False), ('op_conversion_fallback_to_while_loop', False), ('test_srcdir', ''), ('test_tmpdir', 'C:\\Users\\zjn\\AppData\\Local\\Temp\\absl_testing'), ('test_random_seed', 301), ('test_randomize_ordering_seed', ''), ('xml_output_file', ''), ('machine', 'lp'), ('epsilon_1', 3.0), ('epsilon_2', 1), ('base_model', 'DG'), ('model', 'default'), ('dataset', 'Enron'), ('time_steps', 16), ('GPU_ID', 0), ('epochs', 200), ('batch_size', 512), ('featureless', True), ('max_gradient_norm', 1.0), ('learning_rate', 0.001), ('optimizer', 'adam'), ('seed', 7), ('neg_sample_size', 10), ('walk_len', 20), ('neg_weight', 1.0), ('spatial_drop', 0.1), ('temporal_drop', 0.5), ('weight_decay', 0.0005), ('use_residual', False), ('structural_head_config', '16,8,8'), ('structural_layer_config', '128'), ('temporal_head_config', '16'), ('temporal_layer_config', '128'), ('position_ffn', True), ('save_dir', 'output'), ('log_dir', 'log'), ('csv_dir', 'csv'), ('model_dir', 'model'), ('window', -1), ('test_freq', 1), ('val_freq', 1)])
04/20/2023 16:19:50 - WARNING: From D:/git/LDP-DG/train.py:144: The name tf.ConfigProto is deprecated. Please use tf.compat.v1.ConfigProto instead.

04/20/2023 16:19:50 - WARNING: From D:/git/LDP-DG/train.py:146: The name tf.Session is deprecated. Please use tf.compat.v1.Session instead.

04/20/2023 16:19:50 - WARNING: From D:/git/LDP-DG/train.py:131: The name tf.placeholder is deprecated. Please use tf.compat.v1.placeholder instead.

04/20/2023 16:19:50 - WARNING: From D:/git/LDP-DG/train.py:134: The name tf.sparse_placeholder is deprecated. Please use tf.compat.v1.sparse_placeholder instead.

04/20/2023 16:19:50 - WARNING: 
The TensorFlow contrib module will not be included in TensorFlow 2.0.
For more information, please see:
  * https://github.com/tensorflow/community/blob/master/rfcs/20180907-contrib-sunset.md
  * https://github.com/tensorflow/addons
  * https://github.com/tensorflow/io (for I/O related ops)
If you depend on functionality not listed there, please file an issue.

04/20/2023 16:19:52 - WARNING: From D:\git\LDP-DG\models\layers.py:85: The name tf.variable_scope is deprecated. Please use tf.compat.v1.variable_scope instead.

04/20/2023 16:19:52 - WARNING: From D:\git\LDP-DG\models\layers.py:87: The name tf.get_variable is deprecated. Please use tf.compat.v1.get_variable instead.

04/20/2023 16:19:52 - WARNING: From D:\git\LDP-DG\models\layers.py:203: The name tf.sparse_tensor_dense_matmul is deprecated. Please use tf.sparse.sparse_dense_matmul instead.

04/20/2023 16:19:52 - WARNING: From D:\git\LDP-DG\models\layers.py:208: conv1d (from tensorflow.python.layers.convolutional) is deprecated and will be removed in a future version.
Instructions for updating:
Use `tf.keras.layers.Conv1D` instead.
04/20/2023 16:19:52 - WARNING: From E:\anaconda3\envs\py36\lib\site-packages\tensorflow_core\python\layers\convolutional.py:218: Layer.apply (from tensorflow.python.keras.engine.base_layer) is deprecated and will be removed in a future version.
Instructions for updating:
Please use `layer.__call__` method instead.
04/20/2023 16:19:52 - WARNING: From D:\git\LDP-DG\models\layers.py:216: The name tf.sparse_softmax is deprecated. Please use tf.sparse.softmax instead.

04/20/2023 16:19:52 - WARNING: From D:\git\LDP-DG\models\layers.py:219: calling dropout (from tensorflow.python.ops.nn_ops) with keep_prob is deprecated and will be removed in a future version.
Instructions for updating:
Please use `rate` instead of `keep_prob`. Rate should be set to `rate = 1 - keep_prob`.
04/20/2023 16:20:05 - WARNING: From D:\git\LDP-DG\models\layers.py:128: where (from tensorflow.python.ops.array_ops) is deprecated and will be removed in a future version.
Instructions for updating:
Use tf.where in 2.0, which has the same broadcast rule as np.where
04/20/2023 16:20:05 - WARNING: From D:\git\LDP-DG\models\layers.py:133: dropout (from tensorflow.python.layers.core) is deprecated and will be removed in a future version.
Instructions for updating:
Use keras.layers.dropout instead.
04/20/2023 16:20:05 - WARNING: From D:\git\LDP-DG\models\models.py:192: The name tf.trainable_variables is deprecated. Please use tf.compat.v1.trainable_variables instead.

04/20/2023 16:20:30 - WARNING: From D:\git\LDP-DG\models\models.py:202: The name tf.train.AdamOptimizer is deprecated. Please use tf.compat.v1.train.AdamOptimizer instead.

04/20/2023 16:20:31 - WARNING: From D:/git/LDP-DG/train.py:153: The name tf.global_variables_initializer is deprecated. Please use tf.compat.v1.global_variables_initializer instead.

04/20/2023 16:39:26 - INFO: dict_items([('logtostderr', False), ('alsologtostderr', False), ('v', -1), ('verbosity', -1), ('logger_levels', {}), ('stderrthreshold', 'fatal'), ('showprefixforinfo', True), ('run_with_pdb', False), ('pdb_post_mortem', False), ('pdb', False), ('run_with_profiling', False), ('profile_file', None), ('use_cprofile_for_profiling', True), ('only_check_args', False), ('op_conversion_fallback_to_while_loop', False), ('test_srcdir', ''), ('test_tmpdir', 'C:\\Users\\zjn\\AppData\\Local\\Temp\\absl_testing'), ('test_random_seed', 301), ('test_randomize_ordering_seed', ''), ('xml_output_file', ''), ('machine', 'lp'), ('epsilon_1', 3.0), ('epsilon_2', 1), ('base_model', 'DG'), ('model', 'default'), ('dataset', 'Enron'), ('time_steps', 16), ('GPU_ID', 0), ('epochs', 200), ('batch_size', 512), ('featureless', True), ('max_gradient_norm', 1.0), ('learning_rate', 0.001), ('optimizer', 'adam'), ('seed', 7), ('neg_sample_size', 10), ('walk_len', 20), ('neg_weight', 1.0), ('spatial_drop', 0.1), ('temporal_drop', 0.5), ('weight_decay', 0.0005), ('use_residual', False), ('structural_head_config', '16,8,8'), ('structural_layer_config', '128'), ('temporal_head_config', '16'), ('temporal_layer_config', '128'), ('position_ffn', True), ('save_dir', 'output'), ('log_dir', 'log'), ('csv_dir', 'csv'), ('model_dir', 'model'), ('window', -1), ('test_freq', 1), ('val_freq', 1)])
04/20/2023 16:40:01 - WARNING: From D:/git/LDP-DG/train.py:144: The name tf.ConfigProto is deprecated. Please use tf.compat.v1.ConfigProto instead.

04/20/2023 16:40:01 - WARNING: From D:/git/LDP-DG/train.py:146: The name tf.Session is deprecated. Please use tf.compat.v1.Session instead.

04/20/2023 16:40:01 - WARNING: From D:/git/LDP-DG/train.py:131: The name tf.placeholder is deprecated. Please use tf.compat.v1.placeholder instead.

04/20/2023 16:40:01 - WARNING: From D:/git/LDP-DG/train.py:134: The name tf.sparse_placeholder is deprecated. Please use tf.compat.v1.sparse_placeholder instead.

04/20/2023 16:40:01 - WARNING: 
The TensorFlow contrib module will not be included in TensorFlow 2.0.
For more information, please see:
  * https://github.com/tensorflow/community/blob/master/rfcs/20180907-contrib-sunset.md
  * https://github.com/tensorflow/addons
  * https://github.com/tensorflow/io (for I/O related ops)
If you depend on functionality not listed there, please file an issue.

04/20/2023 16:40:01 - WARNING: From D:\git\LDP-DG\models\layers.py:85: The name tf.variable_scope is deprecated. Please use tf.compat.v1.variable_scope instead.

04/20/2023 16:40:01 - WARNING: From D:\git\LDP-DG\models\layers.py:87: The name tf.get_variable is deprecated. Please use tf.compat.v1.get_variable instead.

04/20/2023 16:40:01 - WARNING: From D:\git\LDP-DG\models\layers.py:203: The name tf.sparse_tensor_dense_matmul is deprecated. Please use tf.sparse.sparse_dense_matmul instead.

04/20/2023 16:40:01 - WARNING: From D:\git\LDP-DG\models\layers.py:208: conv1d (from tensorflow.python.layers.convolutional) is deprecated and will be removed in a future version.
Instructions for updating:
Use `tf.keras.layers.Conv1D` instead.
04/20/2023 16:40:01 - WARNING: From E:\anaconda3\envs\py36\lib\site-packages\tensorflow_core\python\layers\convolutional.py:218: Layer.apply (from tensorflow.python.keras.engine.base_layer) is deprecated and will be removed in a future version.
Instructions for updating:
Please use `layer.__call__` method instead.
04/20/2023 16:40:01 - WARNING: From D:\git\LDP-DG\models\layers.py:216: The name tf.sparse_softmax is deprecated. Please use tf.sparse.softmax instead.

04/20/2023 16:40:01 - WARNING: From D:\git\LDP-DG\models\layers.py:219: calling dropout (from tensorflow.python.ops.nn_ops) with keep_prob is deprecated and will be removed in a future version.
Instructions for updating:
Please use `rate` instead of `keep_prob`. Rate should be set to `rate = 1 - keep_prob`.
04/20/2023 16:40:10 - WARNING: From D:\git\LDP-DG\models\layers.py:128: where (from tensorflow.python.ops.array_ops) is deprecated and will be removed in a future version.
Instructions for updating:
Use tf.where in 2.0, which has the same broadcast rule as np.where
04/20/2023 16:40:10 - WARNING: From D:\git\LDP-DG\models\layers.py:133: dropout (from tensorflow.python.layers.core) is deprecated and will be removed in a future version.
Instructions for updating:
Use keras.layers.dropout instead.
04/20/2023 16:40:11 - WARNING: From D:\git\LDP-DG\models\models.py:192: The name tf.trainable_variables is deprecated. Please use tf.compat.v1.trainable_variables instead.

04/20/2023 16:40:33 - WARNING: From D:\git\LDP-DG\models\models.py:202: The name tf.train.AdamOptimizer is deprecated. Please use tf.compat.v1.train.AdamOptimizer instead.

04/20/2023 16:40:33 - WARNING: From D:/git/LDP-DG/train.py:153: The name tf.global_variables_initializer is deprecated. Please use tf.compat.v1.global_variables_initializer instead.

04/20/2023 16:40:36 - WARNING: From D:/git/LDP-DG/train.py:158: The name tf.train.Saver is deprecated. Please use tf.compat.v1.train.Saver instead.

04/20/2023 16:44:03 - INFO: dict_items([('logtostderr', False), ('alsologtostderr', False), ('v', -1), ('verbosity', -1), ('logger_levels', {}), ('stderrthreshold', 'fatal'), ('showprefixforinfo', True), ('run_with_pdb', False), ('pdb_post_mortem', False), ('pdb', False), ('run_with_profiling', False), ('profile_file', None), ('use_cprofile_for_profiling', True), ('only_check_args', False), ('op_conversion_fallback_to_while_loop', False), ('test_srcdir', ''), ('test_tmpdir', 'C:\\Users\\zjn\\AppData\\Local\\Temp\\absl_testing'), ('test_random_seed', 301), ('test_randomize_ordering_seed', ''), ('xml_output_file', ''), ('machine', 'lp'), ('epsilon_1', 3.0), ('epsilon_2', 1), ('base_model', 'DG'), ('model', 'default'), ('dataset', 'Enron'), ('time_steps', 16), ('GPU_ID', 0), ('epochs', 200), ('batch_size', 1), ('featureless', True), ('max_gradient_norm', 1.0), ('learning_rate', 0.001), ('optimizer', 'adam'), ('seed', 7), ('neg_sample_size', 10), ('walk_len', 20), ('neg_weight', 1.0), ('spatial_drop', 0.1), ('temporal_drop', 0.5), ('weight_decay', 0.0005), ('use_residual', False), ('structural_head_config', '16,8,8'), ('structural_layer_config', '128'), ('temporal_head_config', '16'), ('temporal_layer_config', '128'), ('position_ffn', True), ('save_dir', 'output'), ('log_dir', 'log'), ('csv_dir', 'csv'), ('model_dir', 'model'), ('window', -1), ('test_freq', 1), ('val_freq', 1)])
04/20/2023 16:44:38 - WARNING: From D:/git/LDP-DG/train.py:144: The name tf.ConfigProto is deprecated. Please use tf.compat.v1.ConfigProto instead.

04/20/2023 16:44:38 - WARNING: From D:/git/LDP-DG/train.py:146: The name tf.Session is deprecated. Please use tf.compat.v1.Session instead.

04/20/2023 16:44:38 - WARNING: From D:/git/LDP-DG/train.py:131: The name tf.placeholder is deprecated. Please use tf.compat.v1.placeholder instead.

04/20/2023 16:44:38 - WARNING: From D:/git/LDP-DG/train.py:134: The name tf.sparse_placeholder is deprecated. Please use tf.compat.v1.sparse_placeholder instead.

04/20/2023 16:44:38 - WARNING: 
The TensorFlow contrib module will not be included in TensorFlow 2.0.
For more information, please see:
  * https://github.com/tensorflow/community/blob/master/rfcs/20180907-contrib-sunset.md
  * https://github.com/tensorflow/addons
  * https://github.com/tensorflow/io (for I/O related ops)
If you depend on functionality not listed there, please file an issue.

04/20/2023 16:44:39 - WARNING: From D:\git\LDP-DG\models\layers.py:85: The name tf.variable_scope is deprecated. Please use tf.compat.v1.variable_scope instead.

04/20/2023 16:44:39 - WARNING: From D:\git\LDP-DG\models\layers.py:87: The name tf.get_variable is deprecated. Please use tf.compat.v1.get_variable instead.

04/20/2023 16:44:39 - WARNING: From D:\git\LDP-DG\models\layers.py:203: The name tf.sparse_tensor_dense_matmul is deprecated. Please use tf.sparse.sparse_dense_matmul instead.

04/20/2023 16:44:39 - WARNING: From D:\git\LDP-DG\models\layers.py:208: conv1d (from tensorflow.python.layers.convolutional) is deprecated and will be removed in a future version.
Instructions for updating:
Use `tf.keras.layers.Conv1D` instead.
04/20/2023 16:44:39 - WARNING: From E:\anaconda3\envs\py36\lib\site-packages\tensorflow_core\python\layers\convolutional.py:218: Layer.apply (from tensorflow.python.keras.engine.base_layer) is deprecated and will be removed in a future version.
Instructions for updating:
Please use `layer.__call__` method instead.
04/20/2023 16:44:39 - WARNING: From D:\git\LDP-DG\models\layers.py:216: The name tf.sparse_softmax is deprecated. Please use tf.sparse.softmax instead.

04/20/2023 16:44:39 - WARNING: From D:\git\LDP-DG\models\layers.py:219: calling dropout (from tensorflow.python.ops.nn_ops) with keep_prob is deprecated and will be removed in a future version.
Instructions for updating:
Please use `rate` instead of `keep_prob`. Rate should be set to `rate = 1 - keep_prob`.
04/20/2023 16:44:48 - WARNING: From D:\git\LDP-DG\models\layers.py:128: where (from tensorflow.python.ops.array_ops) is deprecated and will be removed in a future version.
Instructions for updating:
Use tf.where in 2.0, which has the same broadcast rule as np.where
04/20/2023 16:44:48 - WARNING: From D:\git\LDP-DG\models\layers.py:133: dropout (from tensorflow.python.layers.core) is deprecated and will be removed in a future version.
Instructions for updating:
Use keras.layers.dropout instead.
04/20/2023 16:44:49 - WARNING: From D:\git\LDP-DG\models\models.py:192: The name tf.trainable_variables is deprecated. Please use tf.compat.v1.trainable_variables instead.

04/20/2023 16:45:10 - WARNING: From D:\git\LDP-DG\models\models.py:202: The name tf.train.AdamOptimizer is deprecated. Please use tf.compat.v1.train.AdamOptimizer instead.

04/20/2023 16:45:10 - WARNING: From D:/git/LDP-DG/train.py:153: The name tf.global_variables_initializer is deprecated. Please use tf.compat.v1.global_variables_initializer instead.

04/20/2023 16:45:13 - WARNING: From D:/git/LDP-DG/train.py:158: The name tf.train.Saver is deprecated. Please use tf.compat.v1.train.Saver instead.

